[debug] [2023-04-28T07:46:56.469Z] ----------------------------------------------------------------------
[debug] [2023-04-28T07:46:56.472Z] Command:       /usr/local/bin/node /usr/local/bin/firebase init
[debug] [2023-04-28T07:46:56.473Z] CLI Version:   11.29.1
[debug] [2023-04-28T07:46:56.474Z] Platform:      linux
[debug] [2023-04-28T07:46:56.474Z] Node Version:  v16.18.0
[debug] [2023-04-28T07:46:56.474Z] Time:          Fri Apr 28 2023 13:16:56 GMT+0530 (India Standard Time)
[debug] [2023-04-28T07:46:56.475Z] ----------------------------------------------------------------------
[debug] 
[debug] [2023-04-28T07:46:56.606Z] > command requires scopes: ["email","openid","https://www.googleapis.com/auth/cloudplatformprojects.readonly","https://www.googleapis.com/auth/firebase","https://www.googleapis.com/auth/cloud-platform"]
[debug] [2023-04-28T07:46:56.607Z] > authorizing via signed-in user (rajputashwin87@gmail.com)
[info] 
     ######## #### ########  ######## ########     ###     ######  ########
     ##        ##  ##     ## ##       ##     ##  ##   ##  ##       ##
     ######    ##  ########  ######   ########  #########  ######  ######
     ##        ##  ##    ##  ##       ##     ## ##     ##       ## ##
     ##       #### ##     ## ######## ########  ##     ##  ######  ########

You're about to initialize a Firebase project in this directory:

  /home/ashwin/Desktop/amazon-clone

Before we get started, keep in mind:

  * You are initializing within an existing Firebase project directory

[info] 
=== Project Setup
[info] 
[info] First, let's associate this project directory with a Firebase project.
[info] You can create multiple project aliases by running firebase use --add, 
[info] but for now we'll just set up a default project.
[info] 
[debug] [2023-04-28T07:47:00.353Z] Using project from CLI flag: clone-96f16
[debug] [2023-04-28T07:47:00.357Z] >>> [apiv2][query] GET https://firebase.googleapis.com/v1beta1/projects/clone-96f16 [none]
[debug] [2023-04-28T07:47:01.135Z] <<< [apiv2][status] GET https://firebase.googleapis.com/v1beta1/projects/clone-96f16 200
[debug] [2023-04-28T07:47:01.136Z] <<< [apiv2][body] GET https://firebase.googleapis.com/v1beta1/projects/clone-96f16 {"projectId":"clone-96f16","projectNumber":"954505006586","displayName":"Amazon-clone","name":"projects/clone-96f16","resources":{"hostingSite":"clone-96f16"},"state":"ACTIVE","etag":"1_84a5de67-c42e-4edd-a5ef-edb916042963"}
[info] i  Using project clone-96f16 (Amazon-clone) 
[info] 
=== Hosting Setup
[info] 
[info] Your public directory is the folder (relative to your project directory) that
[info] will contain Hosting assets to be uploaded with firebase deploy. If you
[info] have a build process for your assets, use your build's output directory.
[info] 
[debug] [2023-04-28T07:47:30.733Z] >>> [apiv2][query] GET https://www.gstatic.com/firebasejs/releases.json [none]
[debug] [2023-04-28T07:47:30.957Z] <<< [apiv2][status] GET https://www.gstatic.com/firebasejs/releases.json 200
[debug] [2023-04-28T07:47:30.957Z] <<< [apiv2][body] GET https://www.gstatic.com/firebasejs/releases.json {"current":{"version":"9.21.0","browserURL":"https://www.gstatic.com/firebasejs/9.21.0/firebase.js","packageURL":"https://www.gstatic.com/firebasejs/9.21.0/firebase.tgz"},"live":{"version":"9.21","browserURL":"https://www.gstatic.com/firebasejs/live/9.21/firebase.js","packageURL":"https://www.gstatic.com/firebasejs/live/9.21/firebase.tgz"},"components":{"analytics":"https://www.gstatic.com/firebasejs/9.21.0/firebase-analytics.js","app":"https://www.gstatic.com/firebasejs/9.21.0/firebase-app.js","app-check":"https://www.gstatic.com/firebasejs/9.21.0/firebase-app-check.js","auth":"https://www.gstatic.com/firebasejs/9.21.0/firebase-auth.js","auth/cordova":"https://www.gstatic.com/firebasejs/9.21.0/firebase-auth/cordova.js","auth/react-native":"https://www.gstatic.com/firebasejs/9.21.0/firebase-auth/react-native.js","functions":"https://www.gstatic.com/firebasejs/9.21.0/firebase-functions.js","firestore":"https://www.gstatic.com/firebasejs/9.21.0/firebase-firestore.js","firestore/lite":"https://www.gstatic.com/firebasejs/9.21.0/firebase-firestore/lite.js","installations":"https://www.gstatic.com/firebasejs/9.21.0/firebase-installations.js","storage":"https://www.gstatic.com/firebasejs/9.21.0/firebase-storage.js","performance":"https://www.gstatic.com/firebasejs/9.21.0/firebase-performance.js","remote-config":"https://www.gstatic.com/firebasejs/9.21.0/firebase-remote-config.js","messaging":"https://www.gstatic.com/firebasejs/9.21.0/firebase-messaging.js","messaging/sw":"https://www.gstatic.com/firebasejs/9.21.0/firebase-messaging/sw.js","database":"https://www.gstatic.com/firebasejs/9.21.0/firebase-database.js","firestore.memory":"https://www.gstatic.com/firebasejs/9.21.0/firebase-firestore.memory.js"}}
[info] ✔  Wrote build/index.html 
[info] 
[info] i  Detected a .git folder at /home/ashwin/Desktop/amazon-clone 
[info] i  Authorizing with GitHub to upload your service account to a GitHub repository's secrets store. 
[info] 
[info] Visit this URL on this device to log in:
[info] https://github.com/login/oauth/authorize?client_id=89cf50f02ac6aaed3484&state=884418810&redirect_uri=http%3A%2F%2Flocalhost%3A9005&scope=read%3Auser%20repo%20public_repo
[info] 
[info] Waiting for authentication...
[debug] [2023-04-28T07:48:19.728Z] >>> [apiv2][query] POST https://github.com/login/oauth/access_token [none]
[debug] [2023-04-28T07:48:19.729Z] >>> [apiv2][body] POST https://github.com/login/oauth/access_token [stream]
[debug] [2023-04-28T07:48:20.320Z] <<< [apiv2][status] POST https://github.com/login/oauth/access_token 200
[debug] [2023-04-28T07:48:20.320Z] <<< [apiv2][body] POST https://github.com/login/oauth/access_token {"access_token":"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","token_type":"bearer","scope":"read:user,repo"}
[debug] [2023-04-28T07:48:20.332Z] >>> [apiv2][query] GET https://api.github.com/user [none]
[debug] [2023-04-28T07:48:20.904Z] <<< [apiv2][status] GET https://api.github.com/user 200
[debug] [2023-04-28T07:48:20.904Z] <<< [apiv2][body] GET https://api.github.com/user {"login":"ashwinsingh87","id":91330777,"node_id":"MDQ6VXNlcjkxMzMwNzc3","avatar_url":"https://avatars.githubusercontent.com/u/91330777?v=4","gravatar_id":"","url":"https://api.github.com/users/ashwinsingh87","html_url":"https://github.com/ashwinsingh87","followers_url":"https://api.github.com/users/ashwinsingh87/followers","following_url":"https://api.github.com/users/ashwinsingh87/following{/other_user}","gists_url":"https://api.github.com/users/ashwinsingh87/gists{/gist_id}","starred_url":"https://api.github.com/users/ashwinsingh87/starred{/owner}{/repo}","subscriptions_url":"https://api.github.com/users/ashwinsingh87/subscriptions","organizations_url":"https://api.github.com/users/ashwinsingh87/orgs","repos_url":"https://api.github.com/users/ashwinsingh87/repos","events_url":"https://api.github.com/users/ashwinsingh87/events{/privacy}","received_events_url":"https://api.github.com/users/ashwinsingh87/received_events","type":"User","site_admin":false,"name":"Ashwin Singh","company":null,"blog":"","location":null,"email":null,"hireable":null,"bio":null,"twitter_username":null,"public_repos":13,"public_gists":0,"followers":0,"following":0,"created_at":"2021-09-24T13:53:15Z","updated_at":"2023-04-05T19:55:29Z","private_gists":0,"total_private_repos":0,"owned_private_repos":0,"disk_usage":387565,"collaborators":0,"two_factor_authentication":false,"plan":{"name":"free","space":976562499,"collaborators":0,"private_repos":10000}}
[info] 
[info] ✔  Success! Logged into GitHub as ashwinsingh87 
[info] 
